Arguments: 
  C:\Program Files\nodejs\node.exe C:\Program Files\nodejs\node_modules\yarn\bin\yarn.js init

PATH: 
  C:\Windows\system32;C:\Windows;C:\Windows\System32\Wbem;C:\Windows\System32\WindowsPowerShell\v1.0\;C:\Windows\System32\OpenSSH\;C:\ProgramData\chocolatey\bin;C:\Program Files\OpenJDK\openjdk-11.0.14.1_1\bin;C:\Program Files\Git\cmd;C:\Users\Awais\AppData\Roaming\nvm;C:\Program Files\nodejs;C:\xampp\php;C:\composer;C:\Program Files\Microsoft SQL Server\130\Tools\Binn\;C:\Windows\system32;C:\Users\Awais\AppData\Local\Microsoft\WindowsApps;C:\Users\Awais\AppData\Local\Programs\Microsoft VS Code\bin;C:\Users\Awais\AppData\Roaming\npm;C:\Users\Awais\AppData\Local\Android\Sdk\platform-tools;C:\Users\Awais\AppData\Roaming\nvm;C:\Program Files\nodejs;C:\Users\Awais\AppData\Roaming\Composer\vendor\bin;C:\Program Files\heroku\bin;C:\Windows\system32;

Yarn version: 
  1.22.19

Node version: 
  14.18.3

Platform: 
  win32 x64

Trace: 
  Error: canceled
      at Interface.<anonymous> (C:\Users\Awais\AppData\Roaming\nvm\v14.18.3\node_modules\yarn\lib\cli.js:137150:13)
      at Interface.emit (events.js:400:28)
      at Interface._ttyWrite (readline.js:1001:16)
      at ReadStream.onkeypress (readline.js:265:10)
      at ReadStream.emit (events.js:400:28)
      at emitKeys (internal/readline/utils.js:358:14)
      at emitKeys.next (<anonymous>)
      at ReadStream.onData (readline.js:1270:36)
      at ReadStream.emit (events.js:400:28)
      at addChunk (internal/streams/readable.js:293:12)

npm manifest: 
  No manifest

yarn manifest: 
  No manifest

Lockfile: 
  No lockfile
